<?xml version="1.0" encoding="UTF-8"?>
<!-- Generated by org.testng.reporters.JUnitReportReporter -->
<testsuite skipped="2" hostname="LAPTOP-N5U8LD2C" name="TrialTestNG1" tests="3" failures="0" timestamp="2020-08-16T19:54:58 MST" time="0.007" errors="0">
  <testcase name="calculate" time="0.007" classname="TrialTestNG1"/>
  <system-out/>
  <testcase name="terminate" classname="TrialTestNG1">
    <skipped/>
  </testcase> <!-- terminate -->
  <system-out/>
  <testcase name="initialiaztion" classname="TrialTestNG1">
    <skipped/>
  </testcase> <!-- initialiaztion -->
  <system-out/>
</testsuite> <!-- TrialTestNG1 -->
